<?xml version="1.0" encoding="UTF-8"?>
<testng-results skipped="0" failed="0" ignored="0" total="1" passed="1">
  <reporter-output>
  </reporter-output>
  <suite name="Default suite" duration-ms="27031" started-at="2020-09-01T14:28:48Z" finished-at="2020-09-01T14:29:15Z">
    <groups>
    </groups>
    <test name="Default test" duration-ms="27031" started-at="2020-09-01T14:28:48Z" finished-at="2020-09-01T14:29:15Z">
      <class name="com.unibuddy.test.TestCaseClass">
        <test-method status="PASS" signature="beforeSuite()[pri:0, instance:com.unibuddy.test.TestCaseClass@6d4b1c02]" name="beforeSuite" is-config="true" duration-ms="45" started-at="2020-09-01T14:28:47Z" finished-at="2020-09-01T14:28:48Z">
          <reporter-output>
          </reporter-output>
        </test-method> <!-- beforeSuite -->
        <test-method status="PASS" signature="beforeClass()[pri:0, instance:com.unibuddy.test.TestCaseClass@6d4b1c02]" name="beforeClass" is-config="true" duration-ms="1" started-at="2020-09-01T14:28:48Z" finished-at="2020-09-01T14:28:48Z">
          <reporter-output>
          </reporter-output>
        </test-method> <!-- beforeClass -->
        <test-method status="PASS" signature="beforeMethodClass()[pri:0, instance:com.unibuddy.test.TestCaseClass@6d4b1c02]" name="beforeMethodClass" is-config="true" duration-ms="18971" started-at="2020-09-01T14:28:48Z" finished-at="2020-09-01T14:29:07Z">
          <reporter-output>
          </reporter-output>
        </test-method> <!-- beforeMethodClass -->
        <test-method status="PASS" signature="SignUp()[pri:0, instance:com.unibuddy.test.TestCaseClass@6d4b1c02]" name="SignUp" duration-ms="7935" started-at="2020-09-01T14:29:07Z" finished-at="2020-09-01T14:29:15Z">
          <reporter-output>
          </reporter-output>
        </test-method> <!-- SignUp -->
        <test-method status="PASS" signature="close()[pri:0, instance:com.unibuddy.test.TestCaseClass@6d4b1c02]" name="close" is-config="true" duration-ms="2" started-at="2020-09-01T14:29:15Z" finished-at="2020-09-01T14:29:15Z">
          <reporter-output>
          </reporter-output>
        </test-method> <!-- close -->
        <test-method status="PASS" signature="afterClass()[pri:0, instance:com.unibuddy.test.TestCaseClass@6d4b1c02]" name="afterClass" is-config="true" duration-ms="3" started-at="2020-09-01T14:29:15Z" finished-at="2020-09-01T14:29:15Z">
          <reporter-output>
          </reporter-output>
        </test-method> <!-- afterClass -->
        <test-method status="PASS" signature="afterSuite()[pri:0, instance:com.unibuddy.test.TestCaseClass@6d4b1c02]" name="afterSuite" is-config="true" duration-ms="14327" started-at="2020-09-01T14:29:15Z" finished-at="2020-09-01T14:29:29Z">
          <reporter-output>
          </reporter-output>
        </test-method> <!-- afterSuite -->
      </class> <!-- com.unibuddy.test.TestCaseClass -->
    </test> <!-- Default test -->
  </suite> <!-- Default suite -->
</testng-results>
